<?xml version="1.0" encoding="UTF-8"?>
<!-- Generated by org.testng.reporters.JUnitReportReporter -->
<testsuite hostname="Satishs-MacBook-Pro.local" failures="0" tests="1" name="Toolsqa.mercurytours.UserRegistration2" time="4.997" errors="0" timestamp="26 Jul. 2021 20:56:00 GMT" skipped="0">
  <testcase classname="Toolsqa.mercurytours.UserRegistration2" name="registration" time="4.997"/>
</testsuite> <!-- Toolsqa.mercurytours.UserRegistration2 -->
