<?xml version="1.0" encoding="UTF-8"?>
<!-- Generated by org.testng.reporters.JUnitReportReporter -->
<testsuite hostname="Satishs-MacBook-Pro.local" failures="0" tests="1" name="jobsca.TestJobsca" time="10.735" errors="0" timestamp="31 Jul. 2021 16:11:20 GMT" skipped="0">
  <testcase classname="jobsca.TestJobsca" name="verifysearchJobResults_POM_withoutPageFactory" time="10.735"/>
</testsuite> <!-- jobsca.TestJobsca -->
