<?xml version="1.0" encoding="UTF-8"?>
<!-- Generated by org.testng.reporters.JUnitReportReporter -->
<testsuite hostname="Satishs-MacBook-Pro.local" failures="0" tests="5" name="itjobsca.Testitjobsca" time="18.976" errors="0" timestamp="03 Aug. 2021 02:25:20 GMT" skipped="4">
  <testcase classname="itjobsca.Testitjobsca" name="selectedEmployers" time="18.976"/>
  <testcase classname="itjobsca.Testitjobsca" name="BrowseByLocation">
    <skipped/>
  </testcase> <!-- BrowseByLocation -->
  <testcase classname="itjobsca.Testitjobsca" name="createAnAlert">
    <skipped/>
  </testcase> <!-- createAnAlert -->
  <testcase classname="itjobsca.Testitjobsca" name="verifyMenuElements">
    <skipped/>
  </testcase> <!-- verifyMenuElements -->
  <testcase classname="itjobsca.Testitjobsca" name="filterJobsSearchByLocation">
    <skipped/>
  </testcase> <!-- filterJobsSearchByLocation -->
</testsuite> <!-- itjobsca.Testitjobsca -->
