<?xml version="1.0" encoding="UTF-8"?>
<!-- Generated by org.testng.reporters.JUnitReportReporter -->
<testsuite hostname="Satishs-MacBook-Pro.local" failures="0" tests="3" name="Toolsqa.mercurytours.UserRegistration" time="106.343" errors="0" timestamp="28 Jul. 2021 02:25:06 GMT" skipped="2">
  <testcase classname="Toolsqa.mercurytours.UserRegistration" name="findFlights" time="106.343"/>
  <testcase classname="Toolsqa.mercurytours.UserRegistration" name="verifyUserRegistration">
    <skipped/>
  </testcase> <!-- verifyUserRegistration -->
  <testcase classname="Toolsqa.mercurytours.UserRegistration" name="login">
    <skipped/>
  </testcase> <!-- login -->
</testsuite> <!-- Toolsqa.mercurytours.UserRegistration -->
